09/10/2011 00:39:08 (Std) 	+-+-+-+-+-+-+-+-+-+-+-+-+-+-+-+-+-+-+-+-+-+-+-+-+-+-+-+-+-+-+-+-+-+-+-+-+-+-+-+
09/10/2011 00:39:08 (Std) 	+                     Crazy Eddie's GUI System - Event log                    +
09/10/2011 00:39:08 (Std) 	+                          (http://www.cegui.org.uk/)                         +
09/10/2011 00:39:08 (Std) 	+-+-+-+-+-+-+-+-+-+-+-+-+-+-+-+-+-+-+-+-+-+-+-+-+-+-+-+-+-+-+-+-+-+-+-+-+-+-+-+

09/10/2011 00:39:08 (Std) 	CEGUI::Logger singleton created. (0785B308)
09/10/2011 00:39:09 (Std) 	
09/10/2011 00:39:09 (Std) 	********************************************************************************
09/10/2011 00:39:09 (Std) 	* Important:                                                                   *
09/10/2011 00:39:09 (Std) 	*     To get support at the CEGUI forums, you must post _at least_ the section *
09/10/2011 00:39:09 (Std) 	*     of this log file indicated below.  Failure to do this will result in no  *
09/10/2011 00:39:09 (Std) 	*     support being given; please do not waste our time.                       *
09/10/2011 00:39:09 (Std) 	********************************************************************************
09/10/2011 00:39:09 (Std) 	********************************************************************************
09/10/2011 00:39:09 (Std) 	* -------- START OF ESSENTIAL SECTION TO BE POSTED ON THE FORUM       -------- *
09/10/2011 00:39:09 (Std) 	********************************************************************************
09/10/2011 00:39:09 (Std) 	---- Version 0.7.5 (Build: Aug  8 2011 Debug Microsoft Windows MSVC++ 9.0 32 bit) ----
09/10/2011 00:39:09 (Std) 	---- Renderer module is: CEGUI::OgreRenderer - Official OGRE based 2nd generation renderer module. ----
09/10/2011 00:39:09 (Std) 	---- XML Parser module is: CEGUI::ExpatParser - Official expat based parser module for CEGUI ----
09/10/2011 00:39:09 (Std) 	---- Image Codec module is: OgreImageCodec - Integrated ImageCodec using the Ogre engine. ----
09/10/2011 00:39:09 (Std) 	---- Scripting module is: None ----
09/10/2011 00:39:09 (Std) 	********************************************************************************
09/10/2011 00:39:09 (Std) 	* -------- END OF ESSENTIAL SECTION TO BE POSTED ON THE FORUM         -------- *
09/10/2011 00:39:09 (Std) 	********************************************************************************
09/10/2011 00:39:09 (Std) 	
09/10/2011 00:39:09 (Std) 	---- Begining CEGUI System initialisation ----
09/10/2011 00:39:09 (Std) 	CEGUI::ImagesetManager singleton created (0785F860)
09/10/2011 00:39:09 (Std) 	CEGUI::FontManager singleton created. (0785E2C0)
09/10/2011 00:39:09 (Std) 	CEGUI::WindowFactoryManager singleton created
09/10/2011 00:39:09 (Std) 	CEGUI::WindowManager singleton created (0785EAE0)
09/10/2011 00:39:09 (Std) 	CEGUI::SchemeManager singleton created. (0785F460)
09/10/2011 00:39:09 (Std) 	CEGUI::MouseCursor singleton created. (0785F228)
09/10/2011 00:39:09 (Std) 	CEGUI::GlobalEventSet singleton created. (0785F660)
09/10/2011 00:39:09 (Std) 	CEGUI::AnimationManager singleton created (0785FB00)
09/10/2011 00:39:09 (Std) 	CEGUI::WidgetLookManager singleton created. (07862F28)
09/10/2011 00:39:09 (Std) 	CEGUI::WindowRendererManager singleton created (078631D0)
09/10/2011 00:39:09 (Std) 	CEGUI::RenderEffectManager singleton created (07863310)
09/10/2011 00:39:09 (Std) 	Created WindowFactory for 'DefaultWindow' windows.
09/10/2011 00:39:09 (Std) 	WindowFactory for 'DefaultWindow' windows added. (078634C8)
09/10/2011 00:39:09 (Std) 	Created WindowFactory for 'DragContainer' windows.
09/10/2011 00:39:09 (Std) 	WindowFactory for 'DragContainer' windows added. (078636C8)
09/10/2011 00:39:09 (Std) 	Created WindowFactory for 'ScrolledContainer' windows.
09/10/2011 00:39:09 (Std) 	WindowFactory for 'ScrolledContainer' windows added. (078638D0)
09/10/2011 00:39:09 (Std) 	Created WindowFactory for 'ClippedContainer' windows.
09/10/2011 00:39:09 (Std) 	WindowFactory for 'ClippedContainer' windows added. (07863AD8)
09/10/2011 00:39:09 (Std) 	Created WindowFactory for 'CEGUI/Checkbox' windows.
09/10/2011 00:39:09 (Std) 	WindowFactory for 'CEGUI/Checkbox' windows added. (07863CE8)
09/10/2011 00:39:09 (Std) 	Created WindowFactory for 'CEGUI/PushButton' windows.
09/10/2011 00:39:09 (Std) 	WindowFactory for 'CEGUI/PushButton' windows added. (07863F00)
09/10/2011 00:39:09 (Std) 	Created WindowFactory for 'CEGUI/RadioButton' windows.
09/10/2011 00:39:09 (Std) 	WindowFactory for 'CEGUI/RadioButton' windows added. (078640C0)
09/10/2011 00:39:09 (Std) 	Created WindowFactory for 'CEGUI/Combobox' windows.
09/10/2011 00:39:09 (Std) 	WindowFactory for 'CEGUI/Combobox' windows added. (078642E0)
09/10/2011 00:39:09 (Std) 	Created WindowFactory for 'CEGUI/ComboDropList' windows.
09/10/2011 00:39:09 (Std) 	WindowFactory for 'CEGUI/ComboDropList' windows added. (078644A0)
09/10/2011 00:39:09 (Std) 	Created WindowFactory for 'CEGUI/Editbox' windows.
09/10/2011 00:39:09 (Std) 	WindowFactory for 'CEGUI/Editbox' windows added. (07864660)
09/10/2011 00:39:09 (Std) 	Created WindowFactory for 'CEGUI/FrameWindow' windows.
09/10/2011 00:39:09 (Std) 	WindowFactory for 'CEGUI/FrameWindow' windows added. (07864890)
09/10/2011 00:39:09 (Std) 	Created WindowFactory for 'CEGUI/ItemEntry' windows.
09/10/2011 00:39:09 (Std) 	WindowFactory for 'CEGUI/ItemEntry' windows added. (07864A50)
09/10/2011 00:39:09 (Std) 	Created WindowFactory for 'CEGUI/Listbox' windows.
09/10/2011 00:39:09 (Std) 	WindowFactory for 'CEGUI/Listbox' windows added. (07864C10)
09/10/2011 00:39:09 (Std) 	Created WindowFactory for 'CEGUI/ListHeader' windows.
09/10/2011 00:39:09 (Std) 	WindowFactory for 'CEGUI/ListHeader' windows added. (07864DD0)
09/10/2011 00:39:09 (Std) 	Created WindowFactory for 'CEGUI/ListHeaderSegment' windows.
09/10/2011 00:39:09 (Std) 	WindowFactory for 'CEGUI/ListHeaderSegment' windows added. (07864F90)
09/10/2011 00:39:09 (Std) 	Created WindowFactory for 'CEGUI/Menubar' windows.
09/10/2011 00:39:09 (Std) 	WindowFactory for 'CEGUI/Menubar' windows added. (07865220)
09/10/2011 00:39:09 (Std) 	Created WindowFactory for 'CEGUI/PopupMenu' windows.
09/10/2011 00:39:09 (Std) 	WindowFactory for 'CEGUI/PopupMenu' windows added. (078655E0)
09/10/2011 00:39:09 (Std) 	Created WindowFactory for 'CEGUI/MenuItem' windows.
09/10/2011 00:39:09 (Std) 	WindowFactory for 'CEGUI/MenuItem' windows added. (078656B8)
09/10/2011 00:39:09 (Std) 	Created WindowFactory for 'CEGUI/MultiColumnList' windows.
09/10/2011 00:39:09 (Std) 	WindowFactory for 'CEGUI/MultiColumnList' windows added. (07865878)
09/10/2011 00:39:09 (Std) 	Created WindowFactory for 'CEGUI/MultiLineEditbox' windows.
09/10/2011 00:39:09 (Std) 	WindowFactory for 'CEGUI/MultiLineEditbox' windows added. (07865AD8)
09/10/2011 00:39:09 (Std) 	Created WindowFactory for 'CEGUI/ProgressBar' windows.
09/10/2011 00:39:09 (Std) 	WindowFactory for 'CEGUI/ProgressBar' windows added. (07865D48)
09/10/2011 00:39:09 (Std) 	Created WindowFactory for 'CEGUI/ScrollablePane' windows.
09/10/2011 00:39:09 (Std) 	WindowFactory for 'CEGUI/ScrollablePane' windows added. (07865F08)
09/10/2011 00:39:09 (Std) 	Created WindowFactory for 'CEGUI/Scrollbar' windows.
09/10/2011 00:39:09 (Std) 	WindowFactory for 'CEGUI/Scrollbar' windows added. (078660C8)
09/10/2011 00:39:09 (Std) 	Created WindowFactory for 'CEGUI/Slider' windows.
09/10/2011 00:39:09 (Std) 	WindowFactory for 'CEGUI/Slider' windows added. (07866288)
09/10/2011 00:39:09 (Std) 	Created WindowFactory for 'CEGUI/Spinner' windows.
09/10/2011 00:39:09 (Std) 	WindowFactory for 'CEGUI/Spinner' windows added. (07866448)
09/10/2011 00:39:09 (Std) 	Created WindowFactory for 'CEGUI/TabButton' windows.
09/10/2011 00:39:09 (Std) 	WindowFactory for 'CEGUI/TabButton' windows added. (07866608)
09/10/2011 00:39:09 (Std) 	Created WindowFactory for 'CEGUI/TabControl' windows.
09/10/2011 00:39:09 (Std) 	WindowFactory for 'CEGUI/TabControl' windows added. (078667C8)
09/10/2011 00:39:09 (Std) 	Created WindowFactory for 'CEGUI/Thumb' windows.
09/10/2011 00:39:09 (Std) 	WindowFactory for 'CEGUI/Thumb' windows added. (07866988)
09/10/2011 00:39:09 (Std) 	Created WindowFactory for 'CEGUI/Titlebar' windows.
09/10/2011 00:39:09 (Std) 	WindowFactory for 'CEGUI/Titlebar' windows added. (07866B48)
09/10/2011 00:39:09 (Std) 	Created WindowFactory for 'CEGUI/Tooltip' windows.
09/10/2011 00:39:09 (Std) 	WindowFactory for 'CEGUI/Tooltip' windows added. (07866DF0)
09/10/2011 00:39:09 (Std) 	Created WindowFactory for 'CEGUI/ItemListbox' windows.
09/10/2011 00:39:09 (Std) 	WindowFactory for 'CEGUI/ItemListbox' windows added. (07866FB0)
09/10/2011 00:39:09 (Std) 	Created WindowFactory for 'CEGUI/GroupBox' windows.
09/10/2011 00:39:09 (Std) 	WindowFactory for 'CEGUI/GroupBox' windows added. (07867170)
09/10/2011 00:39:09 (Std) 	Created WindowFactory for 'CEGUI/Tree' windows.
09/10/2011 00:39:09 (Std) 	WindowFactory for 'CEGUI/Tree' windows added. (07867330)
09/10/2011 00:39:09 (Std) 	Created WindowFactory for 'HorizontalLayoutContainer' windows.
09/10/2011 00:39:09 (Std) 	WindowFactory for 'HorizontalLayoutContainer' windows added. (078674F0)
09/10/2011 00:39:09 (Std) 	Created WindowFactory for 'VerticalLayoutContainer' windows.
09/10/2011 00:39:09 (Std) 	WindowFactory for 'VerticalLayoutContainer' windows added. (078676B0)
09/10/2011 00:39:09 (Std) 	Created WindowFactory for 'GridLayoutContainer' windows.
09/10/2011 00:39:09 (Std) 	WindowFactory for 'GridLayoutContainer' windows added. (07867870)
09/10/2011 00:39:09 (Std) 	Window type alias named 'DefaultGUISheet' added for window type 'DefaultWindow'.
09/10/2011 00:39:09 (Std) 	CEGUI::System singleton created. (0785E008)
09/10/2011 00:39:09 (Std) 	---- CEGUI System initialisation completed ----
09/10/2011 00:39:09 (Std) 	
09/10/2011 00:39:09 (Std) 	Started creation of Scheme from XML specification:
09/10/2011 00:39:09 (Std) 	---- CEGUI GUIScheme name: TaharezLook
09/10/2011 00:39:09 (Std) 	Started creation of Imageset from XML specification:
09/10/2011 00:39:09 (Std) 	---- CEGUI Imageset name: TaharezLook
09/10/2011 00:39:09 (Std) 	---- Source texture file: TaharezLook.tga in resource group: (Default)
09/10/2011 00:39:09 (Std) 	Started creation of Font from XML specification:
09/10/2011 00:39:09 (Std) 	---- CEGUI font name: DejaVuSans-10
09/10/2011 00:39:09 (Std) 	----       Font type: FreeType
09/10/2011 00:39:09 (Std) 	----     Source file: DejaVuSans.ttf in resource group: (Default)
09/10/2011 00:39:09 (Std) 	---- Real point size: 10
09/10/2011 00:39:09 (Std) 	===== Falagard 'root' element: look and feel parsing begins =====
09/10/2011 00:39:10 (Std) 	===== Look and feel parsing completed =====
09/10/2011 00:39:10 (Std) 	No window renderer factories specified for module 'CEGUIFalagardWRBase' - adding all available factories...
09/10/2011 00:39:10 (Std) 	Created WindowRendererFactory for 'Falagard/Button' WindowRenderers.
09/10/2011 00:39:10 (Std) 	WindowRendererFactory 'Falagard/Button' added. (0793ADA8)
09/10/2011 00:39:10 (Std) 	Created WindowRendererFactory for 'Falagard/Default' WindowRenderers.
09/10/2011 00:39:10 (Std) 	WindowRendererFactory 'Falagard/Default' added. (07A4E120)
09/10/2011 00:39:10 (Std) 	Created WindowRendererFactory for 'Falagard/Editbox' WindowRenderers.
09/10/2011 00:39:10 (Std) 	WindowRendererFactory 'Falagard/Editbox' added. (087865D0)
09/10/2011 00:39:10 (Std) 	Created WindowRendererFactory for 'Falagard/FrameWindow' WindowRenderers.
09/10/2011 00:39:10 (Std) 	WindowRendererFactory 'Falagard/FrameWindow' added. (07894B50)
09/10/2011 00:39:10 (Std) 	Created WindowRendererFactory for 'Falagard/ItemEntry' WindowRenderers.
09/10/2011 00:39:10 (Std) 	WindowRendererFactory 'Falagard/ItemEntry' added. (07936960)
09/10/2011 00:39:10 (Std) 	Created WindowRendererFactory for 'Falagard/ListHeader' WindowRenderers.
09/10/2011 00:39:10 (Std) 	WindowRendererFactory 'Falagard/ListHeader' added. (07935BE8)
09/10/2011 00:39:10 (Std) 	Created WindowRendererFactory for 'Falagard/ListHeaderSegment' WindowRenderers.
09/10/2011 00:39:10 (Std) 	WindowRendererFactory 'Falagard/ListHeaderSegment' added. (07873488)
09/10/2011 00:39:10 (Std) 	Created WindowRendererFactory for 'Falagard/Listbox' WindowRenderers.
09/10/2011 00:39:10 (Std) 	WindowRendererFactory 'Falagard/Listbox' added. (0787BE50)
09/10/2011 00:39:10 (Std) 	Created WindowRendererFactory for 'Falagard/Menubar' WindowRenderers.
09/10/2011 00:39:10 (Std) 	WindowRendererFactory 'Falagard/Menubar' added. (087B6E78)
09/10/2011 00:39:10 (Std) 	Created WindowRendererFactory for 'Falagard/MenuItem' WindowRenderers.
09/10/2011 00:39:10 (Std) 	WindowRendererFactory 'Falagard/MenuItem' added. (07A363D0)
09/10/2011 00:39:10 (Std) 	Created WindowRendererFactory for 'Falagard/MultiColumnList' WindowRenderers.
09/10/2011 00:39:10 (Std) 	WindowRendererFactory 'Falagard/MultiColumnList' added. (087A1C80)
09/10/2011 00:39:10 (Std) 	Created WindowRendererFactory for 'Falagard/MultiLineEditbox' WindowRenderers.
09/10/2011 00:39:10 (Std) 	WindowRendererFactory 'Falagard/MultiLineEditbox' added. (087ADAB8)
09/10/2011 00:39:10 (Std) 	Created WindowRendererFactory for 'Falagard/PopupMenu' WindowRenderers.
09/10/2011 00:39:10 (Std) 	WindowRendererFactory 'Falagard/PopupMenu' added. (087ADC78)
09/10/2011 00:39:10 (Std) 	Created WindowRendererFactory for 'Falagard/ProgressBar' WindowRenderers.
09/10/2011 00:39:10 (Std) 	WindowRendererFactory 'Falagard/ProgressBar' added. (087B3538)
09/10/2011 00:39:10 (Std) 	Created WindowRendererFactory for 'Falagard/ScrollablePane' WindowRenderers.
09/10/2011 00:39:10 (Std) 	WindowRendererFactory 'Falagard/ScrollablePane' added. (087B36F8)
09/10/2011 00:39:10 (Std) 	Created WindowRendererFactory for 'Falagard/Scrollbar' WindowRenderers.
09/10/2011 00:39:10 (Std) 	WindowRendererFactory 'Falagard/Scrollbar' added. (087B38B8)
09/10/2011 00:39:10 (Std) 	Created WindowRendererFactory for 'Falagard/Slider' WindowRenderers.
09/10/2011 00:39:10 (Std) 	WindowRendererFactory 'Falagard/Slider' added. (087B3A78)
09/10/2011 00:39:10 (Std) 	Created WindowRendererFactory for 'Falagard/Static' WindowRenderers.
09/10/2011 00:39:10 (Std) 	WindowRendererFactory 'Falagard/Static' added. (07894010)
09/10/2011 00:39:10 (Std) 	Created WindowRendererFactory for 'Falagard/StaticImage' WindowRenderers.
09/10/2011 00:39:10 (Std) 	WindowRendererFactory 'Falagard/StaticImage' added. (078941D0)
09/10/2011 00:39:10 (Std) 	Created WindowRendererFactory for 'Falagard/StaticText' WindowRenderers.
09/10/2011 00:39:10 (Std) 	WindowRendererFactory 'Falagard/StaticText' added. (07894390)
09/10/2011 00:39:10 (Std) 	Created WindowRendererFactory for 'Falagard/SystemButton' WindowRenderers.
09/10/2011 00:39:10 (Std) 	WindowRendererFactory 'Falagard/SystemButton' added. (07894550)
09/10/2011 00:39:10 (Std) 	Created WindowRendererFactory for 'Falagard/TabButton' WindowRenderers.
09/10/2011 00:39:10 (Std) 	WindowRendererFactory 'Falagard/TabButton' added. (087B04D0)
09/10/2011 00:39:10 (Std) 	Created WindowRendererFactory for 'Falagard/TabControl' WindowRenderers.
09/10/2011 00:39:10 (Std) 	WindowRendererFactory 'Falagard/TabControl' added. (087B0690)
09/10/2011 00:39:10 (Std) 	Created WindowRendererFactory for 'Falagard/Titlebar' WindowRenderers.
09/10/2011 00:39:10 (Std) 	WindowRendererFactory 'Falagard/Titlebar' added. (087B0850)
09/10/2011 00:39:10 (Std) 	Created WindowRendererFactory for 'Falagard/ToggleButton' WindowRenderers.
09/10/2011 00:39:10 (Std) 	WindowRendererFactory 'Falagard/ToggleButton' added. (087B0A10)
09/10/2011 00:39:10 (Std) 	Created WindowRendererFactory for 'Falagard/Tooltip' WindowRenderers.
09/10/2011 00:39:10 (Std) 	WindowRendererFactory 'Falagard/Tooltip' added. (0788C7E8)
09/10/2011 00:39:10 (Std) 	Created WindowRendererFactory for 'Falagard/ItemListbox' WindowRenderers.
09/10/2011 00:39:10 (Std) 	WindowRendererFactory 'Falagard/ItemListbox' added. (0788C9A8)
09/10/2011 00:39:10 (Std) 	Created WindowRendererFactory for 'Falagard/Tree' WindowRenderers.
09/10/2011 00:39:10 (Std) 	WindowRendererFactory 'Falagard/Tree' added. (0788CB68)
09/10/2011 00:39:10 (Std) 	Creating falagard mapping for type 'TaharezLook/Button' using base type 'CEGUI/PushButton', window renderer 'Falagard/Button' Look'N'Feel 'TaharezLook/Button' and RenderEffect ''. (00128D28)
09/10/2011 00:39:10 (Std) 	Creating falagard mapping for type 'TaharezLook/Checkbox' using base type 'CEGUI/Checkbox', window renderer 'Falagard/ToggleButton' Look'N'Feel 'TaharezLook/Checkbox' and RenderEffect ''. (00128D28)
09/10/2011 00:39:10 (Std) 	Creating falagard mapping for type 'TaharezLook/ImageButton' using base type 'CEGUI/PushButton', window renderer 'Falagard/Button' Look'N'Feel 'TaharezLook/ImageButton' and RenderEffect ''. (00128D28)
09/10/2011 00:39:10 (Std) 	Creating falagard mapping for type 'TaharezLook/RadioButton' using base type 'CEGUI/RadioButton', window renderer 'Falagard/ToggleButton' Look'N'Feel 'TaharezLook/RadioButton' and RenderEffect ''. (00128D28)
09/10/2011 00:39:10 (Std) 	Creating falagard mapping for type 'TaharezLook/FrameWindow' using base type 'CEGUI/FrameWindow', window renderer 'Falagard/FrameWindow' Look'N'Feel 'TaharezLook/FrameWindow' and RenderEffect ''. (00128D28)
09/10/2011 00:39:10 (Std) 	Creating falagard mapping for type 'TaharezLook/Titlebar' using base type 'CEGUI/Titlebar', window renderer 'Falagard/Titlebar' Look'N'Feel 'TaharezLook/Titlebar' and RenderEffect ''. (00128D28)
09/10/2011 00:39:10 (Std) 	Creating falagard mapping for type 'TaharezLook/SystemButton' using base type 'CEGUI/PushButton', window renderer 'Falagard/Button' Look'N'Feel 'TaharezLook/Button' and RenderEffect ''. (00128D28)
09/10/2011 00:39:10 (Std) 	Creating falagard mapping for type 'TaharezLook/Editbox' using base type 'CEGUI/Editbox', window renderer 'Falagard/Editbox' Look'N'Feel 'TaharezLook/Editbox' and RenderEffect ''. (00128D28)
09/10/2011 00:39:10 (Std) 	Creating falagard mapping for type 'TaharezLook/MultiLineEditbox' using base type 'CEGUI/MultiLineEditbox', window renderer 'Falagard/MultiLineEditbox' Look'N'Feel 'TaharezLook/MultiLineEditbox' and RenderEffect ''. (00128D28)
09/10/2011 00:39:10 (Std) 	Creating falagard mapping for type 'TaharezLook/Menubar' using base type 'CEGUI/Menubar', window renderer 'Falagard/Menubar' Look'N'Feel 'TaharezLook/Menubar' and RenderEffect ''. (00128D28)
09/10/2011 00:39:10 (Std) 	Creating falagard mapping for type 'TaharezLook/PopupMenu' using base type 'CEGUI/PopupMenu', window renderer 'Falagard/PopupMenu' Look'N'Feel 'TaharezLook/PopupMenu' and RenderEffect ''. (00128D28)
09/10/2011 00:39:10 (Std) 	Creating falagard mapping for type 'TaharezLook/MenuItem' using base type 'CEGUI/MenuItem', window renderer 'Falagard/MenuItem' Look'N'Feel 'TaharezLook/MenuItem' and RenderEffect ''. (00128D28)
09/10/2011 00:39:10 (Std) 	Creating falagard mapping for type 'TaharezLook/AlternateProgressBar' using base type 'CEGUI/ProgressBar', window renderer 'Falagard/ProgressBar' Look'N'Feel 'TaharezLook/AltProgressBar' and RenderEffect ''. (00128D28)
09/10/2011 00:39:10 (Std) 	Creating falagard mapping for type 'TaharezLook/ProgressBar' using base type 'CEGUI/ProgressBar', window renderer 'Falagard/ProgressBar' Look'N'Feel 'TaharezLook/ProgressBar' and RenderEffect ''. (00128D28)
09/10/2011 00:39:10 (Std) 	Creating falagard mapping for type 'TaharezLook/VUMeter' using base type 'CEGUI/ProgressBar', window renderer 'Falagard/ProgressBar' Look'N'Feel 'TaharezLook/VUMeter' and RenderEffect ''. (00128D28)
09/10/2011 00:39:10 (Std) 	Creating falagard mapping for type 'TaharezLook/VerticalScrollbar' using base type 'CEGUI/Scrollbar', window renderer 'Falagard/Scrollbar' Look'N'Feel 'TaharezLook/VerticalScrollbar' and RenderEffect ''. (00128D28)
09/10/2011 00:39:10 (Std) 	Creating falagard mapping for type 'TaharezLook/HorizontalScrollbar' using base type 'CEGUI/Scrollbar', window renderer 'Falagard/Scrollbar' Look'N'Feel 'TaharezLook/HorizontalScrollbar' and RenderEffect ''. (00128D28)
09/10/2011 00:39:10 (Std) 	Creating falagard mapping for type 'TaharezLook/VerticalScrollbarThumb' using base type 'CEGUI/Thumb', window renderer 'Falagard/Button' Look'N'Feel 'TaharezLook/VerticalScrollbarThumb' and RenderEffect ''. (00128D28)
09/10/2011 00:39:10 (Std) 	Creating falagard mapping for type 'TaharezLook/HorizontalScrollbarThumb' using base type 'CEGUI/Thumb', window renderer 'Falagard/Button' Look'N'Feel 'TaharezLook/HorizontalScrollbarThumb' and RenderEffect ''. (00128D28)
09/10/2011 00:39:10 (Std) 	Creating falagard mapping for type 'TaharezLook/LargeVerticalScrollbar' using base type 'CEGUI/Scrollbar', window renderer 'Falagard/Scrollbar' Look'N'Feel 'TaharezLook/LargeVerticalScrollbar' and RenderEffect ''. (00128D28)
09/10/2011 00:39:10 (Std) 	Creating falagard mapping for type 'TaharezLook/LargeVerticalScrollbarThumb' using base type 'CEGUI/Thumb', window renderer 'Falagard/Button' Look'N'Feel 'TaharezLook/LargeVerticalScrollbarThumb' and RenderEffect ''. (00128D28)
09/10/2011 00:39:10 (Std) 	Creating falagard mapping for type 'TaharezLook/TabButton' using base type 'CEGUI/TabButton', window renderer 'Falagard/TabButton' Look'N'Feel 'TaharezLook/TabButton' and RenderEffect ''. (00128D28)
09/10/2011 00:39:10 (Std) 	Creating falagard mapping for type 'TaharezLook/TabControl' using base type 'CEGUI/TabControl', window renderer 'Falagard/TabControl' Look'N'Feel 'TaharezLook/TabControl' and RenderEffect ''. (00128D28)
09/10/2011 00:39:10 (Std) 	Creating falagard mapping for type 'TaharezLook/TabContentPane' using base type 'DefaultWindow', window renderer 'Falagard/Default' Look'N'Feel 'TaharezLook/TabContentPane' and RenderEffect ''. (00128D28)
09/10/2011 00:39:10 (Std) 	Creating falagard mapping for type 'TaharezLook/TabButtonPane' using base type 'DefaultWindow', window renderer 'Falagard/Default' Look'N'Feel 'TaharezLook/TabButtonPane' and RenderEffect ''. (00128D28)
09/10/2011 00:39:10 (Std) 	Creating falagard mapping for type 'TaharezLook/ComboDropList' using base type 'CEGUI/ComboDropList', window renderer 'Falagard/Listbox' Look'N'Feel 'TaharezLook/ComboDropList' and RenderEffect ''. (00128D28)
09/10/2011 00:39:10 (Std) 	Creating falagard mapping for type 'TaharezLook/ComboEditbox' using base type 'CEGUI/Editbox', window renderer 'Falagard/Editbox' Look'N'Feel 'TaharezLook/ComboEditbox' and RenderEffect ''. (00128D28)
09/10/2011 00:39:10 (Std) 	Creating falagard mapping for type 'TaharezLook/Combobox' using base type 'CEGUI/Combobox', window renderer 'Falagard/Default' Look'N'Feel 'TaharezLook/Combobox' and RenderEffect ''. (00128D28)
09/10/2011 00:39:10 (Std) 	Creating falagard mapping for type 'TaharezLook/Listbox' using base type 'CEGUI/Listbox', window renderer 'Falagard/Listbox' Look'N'Feel 'TaharezLook/Listbox' and RenderEffect ''. (00128D28)
09/10/2011 00:39:10 (Std) 	Creating falagard mapping for type 'TaharezLook/ListHeader' using base type 'CEGUI/ListHeader', window renderer 'Falagard/ListHeader' Look'N'Feel 'TaharezLook/ListHeader' and RenderEffect ''. (00128D28)
09/10/2011 00:39:10 (Std) 	Creating falagard mapping for type 'TaharezLook/ListHeaderSegment' using base type 'CEGUI/ListHeaderSegment', window renderer 'Falagard/ListHeaderSegment' Look'N'Feel 'TaharezLook/ListHeaderSegment' and RenderEffect ''. (00128D28)
09/10/2011 00:39:10 (Std) 	Creating falagard mapping for type 'TaharezLook/MultiColumnList' using base type 'CEGUI/MultiColumnList', window renderer 'Falagard/MultiColumnList' Look'N'Feel 'TaharezLook/MultiColumnList' and RenderEffect ''. (00128D28)
09/10/2011 00:39:10 (Std) 	Creating falagard mapping for type 'TaharezLook/Slider' using base type 'CEGUI/Slider', window renderer 'Falagard/Slider' Look'N'Feel 'TaharezLook/Slider' and RenderEffect ''. (00128D28)
09/10/2011 00:39:10 (Std) 	Creating falagard mapping for type 'TaharezLook/SliderThumb' using base type 'CEGUI/Thumb', window renderer 'Falagard/Button' Look'N'Feel 'TaharezLook/SliderThumb' and RenderEffect ''. (00128D28)
09/10/2011 00:39:10 (Std) 	Creating falagard mapping for type 'TaharezLook/ScrollablePane' using base type 'CEGUI/ScrollablePane', window renderer 'Falagard/ScrollablePane' Look'N'Feel 'TaharezLook/ScrollablePane' and RenderEffect ''. (00128D28)
09/10/2011 00:39:10 (Std) 	Creating falagard mapping for type 'TaharezLook/Spinner' using base type 'CEGUI/Spinner', window renderer 'Falagard/Default' Look'N'Feel 'TaharezLook/Spinner' and RenderEffect ''. (00128D28)
09/10/2011 00:39:10 (Std) 	Creating falagard mapping for type 'TaharezLook/Tooltip' using base type 'CEGUI/Tooltip', window renderer 'Falagard/Tooltip' Look'N'Feel 'TaharezLook/Tooltip' and RenderEffect ''. (00128D28)
09/10/2011 00:39:10 (Std) 	Creating falagard mapping for type 'TaharezLook/StaticImage' using base type 'DefaultWindow', window renderer 'Falagard/StaticImage' Look'N'Feel 'TaharezLook/StaticImage' and RenderEffect ''. (00128D28)
09/10/2011 00:39:10 (Std) 	Creating falagard mapping for type 'TaharezLook/StaticText' using base type 'DefaultWindow', window renderer 'Falagard/StaticText' Look'N'Feel 'TaharezLook/StaticText' and RenderEffect ''. (00128D28)
09/10/2011 00:39:10 (Std) 	Creating falagard mapping for type 'TaharezLook/ItemListbox' using base type 'CEGUI/ItemListbox', window renderer 'Falagard/ItemListbox' Look'N'Feel 'TaharezLook/ItemListbox' and RenderEffect ''. (00128D28)
09/10/2011 00:39:10 (Std) 	Creating falagard mapping for type 'TaharezLook/ListboxItem' using base type 'CEGUI/ItemEntry', window renderer 'Falagard/ItemEntry' Look'N'Feel 'TaharezLook/ListboxItem' and RenderEffect ''. (00128D28)
09/10/2011 00:39:10 (Std) 	Creating falagard mapping for type 'TaharezLook/GroupBox' using base type 'CEGUI/GroupBox', window renderer 'Falagard/Default' Look'N'Feel 'TaharezLook/GroupBox' and RenderEffect ''. (00128D28)
09/10/2011 00:39:10 (Std) 	Creating falagard mapping for type 'TaharezLook/Tree' using base type 'CEGUI/Tree', window renderer 'Falagard/Tree' Look'N'Feel 'TaharezLook/Tree' and RenderEffect ''. (00128D28)
09/10/2011 00:39:10 (Std) 	Started creation of Scheme from XML specification:
09/10/2011 00:39:10 (Std) 	---- CEGUI GUIScheme name: TaharezLook
09/10/2011 00:39:10 (Std) 	---- Returning existing instance of Scheme named 'TaharezLook'.
09/10/2011 00:39:10 (Std) 	Started creation of Font from XML specification:
09/10/2011 00:39:10 (Std) 	---- CEGUI font name: DejaVuSans-10
09/10/2011 00:39:10 (Std) 	----       Font type: FreeType
09/10/2011 00:39:10 (Std) 	----     Source file: DejaVuSans.ttf in resource group: (Default)
09/10/2011 00:39:10 (Std) 	---- Real point size: 10
09/10/2011 00:39:10 (Std) 	---- Returning existing instance of Font named 'DejaVuSans-10'.
09/10/2011 00:39:10 (Std) 	Started creation of Font from XML specification:
09/10/2011 00:39:10 (Std) 	---- CEGUI font name: DejaVuSans-10
09/10/2011 00:39:10 (Std) 	----       Font type: FreeType
09/10/2011 00:39:10 (Std) 	----     Source file: DejaVuSans.ttf in resource group: (Default)
09/10/2011 00:39:10 (Std) 	---- Real point size: 10
09/10/2011 00:39:10 (Std) 	---- Returning existing instance of Font named 'DejaVuSans-10'.
09/10/2011 00:39:11 (Error)	ScrolledContainerProperties::ChildExtentsArea property does not support being set.
09/10/2011 00:39:11 (Error)	ScrolledContainerProperties::ChildExtentsArea property does not support being set.
09/10/2011 00:39:11 (Std) 	---- Successfully completed loading of GUI layout from 'game.layout' ----
09/10/2011 00:39:13 (Std) 	Attempting to create Imageset 'DejaVuSans-10_auto_glyph_images_ ' with texture only.
