21:07:15: Creating resource group General
21:07:15: Creating resource group Internal
21:07:15: Creating resource group Autodetect
21:07:15: SceneManagerFactory for type 'DefaultSceneManager' registered.
21:07:15: Registering ResourceManager for type Material
21:07:15: Registering ResourceManager for type Mesh
21:07:15: Registering ResourceManager for type Skeleton
21:07:15: MovableObjectFactory for type 'ParticleSystem' registered.
21:07:15: OverlayElementFactory for type Panel registered.
21:07:15: OverlayElementFactory for type BorderPanel registered.
21:07:15: OverlayElementFactory for type TextArea registered.
21:07:15: Registering ResourceManager for type Font
21:07:15: ArchiveFactory for archive type FileSystem registered.
21:07:15: ArchiveFactory for archive type Zip registered.
21:07:15: DDS codec registering
21:07:15: FreeImage version: 3.13.1
21:07:15: This program uses FreeImage, a free, open source image library supporting all common bitmap formats. See http://freeimage.sourceforge.net for details
21:07:15: Supported formats: bmp,ico,jpg,jif,jpeg,jpe,jng,koa,iff,lbm,mng,pbm,pbm,pcd,pcx,pgm,pgm,png,ppm,ppm,ras,tga,targa,tif,tiff,wap,wbmp,wbm,psd,cut,xbm,xpm,gif,hdr,g3,sgi,exr,j2k,j2c,jp2,pfm,pct,pict,pic,bay,bmq,cr2,crw,cs1,dc2,dcr,dng,erf,fff,hdr,k25,kdc,mdc,mos,mrw,nef,orf,pef,pxn,raf,raw,rdc,sr2,srf,arw,3fr,cine,ia,kc2,mef,nrw,qtk,rw2,sti,drf,dsc,ptx,cap,iiq,rwz
21:07:15: Registering ResourceManager for type HighLevelGpuProgram
21:07:15: Registering ResourceManager for type Compositor
21:07:15: MovableObjectFactory for type 'Entity' registered.
21:07:15: MovableObjectFactory for type 'Light' registered.
21:07:15: MovableObjectFactory for type 'BillboardSet' registered.
21:07:15: MovableObjectFactory for type 'ManualObject' registered.
21:07:15: MovableObjectFactory for type 'BillboardChain' registered.
21:07:15: MovableObjectFactory for type 'RibbonTrail' registered.
21:07:15: OGRE EXCEPTION(6:FileNotFoundException): 'plugins_d.cfg' file not found! in ConfigFile::load at ..\..\ogre_src_v1-7-3\OgreMain\src\OgreConfigFile.cpp (line 83)
21:07:15: plugins_d.cfg not found, automatic plugin loading disabled.
21:07:15: *-*-* OGRE Initialising
21:07:15: *-*-* Version 1.7.3 (Cthugha)
21:07:15: OGRE EXCEPTION(6:FileNotFoundException): 'graphics.cfg' file not found! in ConfigFile::load at ..\..\ogre_src_v1-7-3\OgreMain\src\OgreConfigFile.cpp (line 83)
21:07:18: *-*-* OGRE Shutdown
21:07:18: Unregistering ResourceManager for type Compositor
21:07:18: Unregistering ResourceManager for type Font
21:07:18: Unregistering ResourceManager for type Skeleton
21:07:18: Unregistering ResourceManager for type Mesh
21:07:18: Unregistering ResourceManager for type HighLevelGpuProgram
21:07:18: Unregistering ResourceManager for type Material
